<?xml version="1.0" encoding="UTF-8" ?>
<testsuite tests="4" failures="0" name="ru.sidorenko.app.controllers.DocumentControllerTest" time="0.209" errors="0" skipped="0">
  <properties>
[...]
</properties>
  <testcase classname="ru.sidorenko.app.controllers.DocumentControllerTest" name="getDoc" time="0.128"/>
  <testcase classname="ru.sidorenko.app.controllers.DocumentControllerTest" name="getDocExpectedResourceNotFoundException" time="0.061"/>
  <testcase classname="ru.sidorenko.app.controllers.DocumentControllerTest" name="defaultResponse" time="0.02"/>
  <testcase classname="ru.sidorenko.app.controllers.DocumentControllerTest" name="getDocumentTypeNotFoundException" time="0"/>
</testsuite>