<?xml version="1.0" encoding="UTF-8" ?>
<testsuite tests="3" failures="0" name="ru.sidorenko.app.service.DocumentServiceImplTest" time="0.016" errors="0" skipped="0">
  <properties>
[...]
</properties>
  <testcase classname="ru.sidorenko.app.service.DocumentServiceImplTest" name="getPassportInfo" time="0"/>
  <testcase classname="ru.sidorenko.app.service.DocumentServiceImplTest" name="getInnInfo" time="0.008"/>
  <testcase classname="ru.sidorenko.app.service.DocumentServiceImplTest" name="getDriverLicenseInfo" time="0.008"/>
</testsuite>